#
# There is insufficient memory for the Java Runtime Environment to continue.
# Native memory allocation (malloc) failed to allocate 762976 bytes for Chunk::new
# Possible reasons:
#   The system is out of physical RAM or swap space
#   In 32 bit mode, the process size limit was hit
# Possible solutions:
#   Reduce memory load on the system
#   Increase physical memory or swap space
#   Check if swap backing store is full
#   Use 64 bit Java on a 64 bit OS
#   Decrease Java heap size (-Xmx/-Xms)
#   Decrease number of Java threads
#   Decrease Java thread stack sizes (-Xss)
#   Set larger code cache with -XX:ReservedCodeCacheSize=
# This output file may be truncated or incomplete.
#
#  Out of Memory Error (allocation.cpp:388), pid=197992, tid=201448
#
# JRE version: Java(TM) SE Runtime Environment (8.0-b132) (build 1.8.0-b132)
# Java VM: Java HotSpot(TM) 64-Bit Server VM (25.0-b70 mixed mode windows-amd64 compressed oops)
# Failed to write core dump. Minidumps are not enabled by default on client versions of Windows
#

---------------  T H R E A D  ---------------

Current thread (0x0000000014a2f000):  JavaThread "C2 CompilerThread0" daemon [_thread_in_native, id=201448, stack(0x0000000015fc0000,0x00000000160c0000)]

Stack: [0x0000000015fc0000,0x00000000160c0000]
Native frames: (J=compiled Java code, j=interpreted, Vv=VM code, C=native code)
V  [jvm.dll+0x308e0a]
V  [jvm.dll+0x25df11]
V  [jvm.dll+0x25eb2f]
V  [jvm.dll+0x256505]
V  [jvm.dll+0xbcff5]
V  [jvm.dll+0xbd48c]
V  [jvm.dll+0x44d442]
V  [jvm.dll+0x48e15f]
V  [jvm.dll+0x44295e]
V  [jvm.dll+0x44368b]
V  [jvm.dll+0x427552]
V  [jvm.dll+0x96732]
V  [jvm.dll+0x96f23]
V  [jvm.dll+0x2232e4]
V  [jvm.dll+0x27baea]
C  [msvcr100.dll+0x21d9f]
C  [msvcr100.dll+0x21e3b]
C  [KERNEL32.DLL+0x12d92]
C  [ntdll.dll+0x9f64]


Current CompileTask:
C2:   4977 2099       4       com.android.dx.merge.DexMerger::transformDebugInfoItem (313 bytes)


---------------  P R O C E S S  ---------------

Java Threads: ( => current thread )
  0x0000000014a8e000 JavaThread "Service Thread" daemon [_thread_blocked, id=203024, stack(0x00000000166c0000,0x00000000167c0000)]
  0x0000000014a38000 JavaThread "C1 CompilerThread2" daemon [_thread_blocked, id=203008, stack(0x00000000161c0000,0x00000000162c0000)]
  0x0000000014a34000 JavaThread "C2 CompilerThread1" daemon [_thread_in_native, id=179080, stack(0x00000000160c0000,0x00000000161c0000)]
=>0x0000000014a2f000 JavaThread "C2 CompilerThread0" daemon [_thread_in_native, id=201448, stack(0x0000000015fc0000,0x00000000160c0000)]
  0x0000000014a2d800 JavaThread "Attach Listener" daemon [_thread_blocked, id=191612, stack(0x0000000015ec0000,0x0000000015fc0000)]
  0x0000000014a2c800 JavaThread "Signal Dispatcher" daemon [_thread_blocked, id=200820, stack(0x0000000015dc0000,0x0000000015ec0000)]
  0x0000000002358800 JavaThread "Finalizer" daemon [_thread_blocked, id=140496, stack(0x0000000015cc0000,0x0000000015dc0000)]
  0x000000000234f800 JavaThread "Reference Handler" daemon [_thread_blocked, id=191996, stack(0x0000000015bc0000,0x0000000015cc0000)]
  0x0000000001f6e800 JavaThread "main" [_thread_in_Java, id=203584, stack(0x0000000002160000,0x0000000002260000)]

Other Threads:
  0x00000000149f5800 VMThread [stack: 0x0000000015ac0000,0x0000000015bc0000] [id=203484]
  0x00000000162d8800 WatcherThread [stack: 0x00000000167c0000,0x00000000168c0000] [id=203508]

VM state:not at safepoint (normal execution)

VM Mutex/Monitor currently owned by a thread: None

Heap:
 PSYoungGen      total 15872K, used 4173K [0x00000000eab00000, 0x00000000ebe80000, 0x0000000100000000)
  eden space 11776K, 34% used [0x00000000eab00000,0x00000000eaeeb5e8,0x00000000eb680000)
  from space 4096K, 3% used [0x00000000eb680000,0x00000000eb6a8000,0x00000000eba80000)
  to   space 3584K, 0% used [0x00000000ebb00000,0x00000000ebb00000,0x00000000ebe80000)
 ParOldGen       total 260608K, used 32870K [0x00000000c0000000, 0x00000000cfe80000, 0x00000000eab00000)
  object space 260608K, 12% used [0x00000000c0000000,0x00000000c2019a98,0x00000000cfe80000)
 Metaspace       used 7068K, capacity 7614K, committed 7680K, reserved 1056768K
  class space    used 731K, capacity 753K, committed 768K, reserved 1048576K

Card table byte_map: [0x0000000011720000,0x0000000011930000] byte_map_base: 0x0000000011120000

Marking Bits: (ParMarkBitMap*) 0x000000005bd213b0
 Begin Bits: [0x0000000011e90000, 0x0000000012e90000)
 End Bits:   [0x0000000012e90000, 0x0000000013e90000)

Polling page: 0x0000000001f40000

CodeCache: size=245760Kb used=7298Kb max_used=7298Kb free=238461Kb
 bounds [0x0000000002360000, 0x0000000002a90000, 0x0000000011360000]
 total_blobs=2508 nmethods=2218 adapters=204
 compilation: enabled

Compilation events (10 events):
Event: 4.468 Thread 0x0000000014a38000 2128       3       java.util.HashMap$TreeNode::find (172 bytes)
Event: 4.470 Thread 0x0000000014a38000 nmethod 2128 0x0000000002a4e150 code [0x0000000002a4e340, 0x0000000002a4ee58]
Event: 4.470 Thread 0x0000000014a38000 2127       3       java.util.HashMap$TreeNode::getTreeNode (22 bytes)
Event: 4.470 Thread 0x0000000014a34000 nmethod 2115 0x0000000002a4f210 code [0x0000000002a4f3c0, 0x0000000002a4fa68]
Event: 4.470 Thread 0x0000000014a38000 nmethod 2127 0x0000000002a4da50 code [0x0000000002a4dbe0, 0x0000000002a4dfa8]
Event: 4.470 Thread 0x0000000014a34000 2117       4       com.android.dex.EncodedValueCodec::readUnsignedInt (86 bytes)
Event: 4.477 Thread 0x0000000014a38000 2130       3       com.android.dx.io.instructions.FiveRegisterDecodedInstruction::withIndex (49 bytes)
Event: 4.478 Thread 0x0000000014a38000 nmethod 2130 0x0000000002a4d250 code [0x0000000002a4d3c0, 0x0000000002a4d968]
Event: 4.478 Thread 0x0000000014a38000 2131       3       com.android.dx.io.instructions.FiveRegisterDecodedInstruction::getRegisterCount (2 bytes)
Event: 4.478 Thread 0x0000000014a38000 nmethod 2131 0x0000000002a3e510 code [0x0000000002a3e660, 0x0000000002a3e7b0]

GC Heap History (10 events):
Event: 2.859 GC heap before
{Heap before GC invocations=10 (full 0):
 PSYoungGen      total 10240K, used 10083K [0x00000000eab00000, 0x00000000ebe80000, 0x0000000100000000)
  eden space 7168K, 98% used [0x00000000eab00000,0x00000000eb1def80,0x00000000eb200000)
  from space 3072K, 99% used [0x00000000eb200000,0x00000000eb4f9cd0,0x00000000eb500000)
  to   space 4096K, 0% used [0x00000000eba80000,0x00000000eba80000,0x00000000ebe80000)
 ParOldGen       total 260608K, used 4031K [0x00000000c0000000, 0x00000000cfe80000, 0x00000000eab00000)
  object space 260608K, 1% used [0x00000000c0000000,0x00000000c03efea8,0x00000000cfe80000)
 Metaspace       used 5538K, capacity 6768K, committed 7040K, reserved 1056768K
  class space    used 573K, capacity 616K, committed 640K, reserved 1048576K
Event: 2.873 GC heap after
Heap after GC invocations=10 (full 0):
 PSYoungGen      total 11264K, used 3639K [0x00000000eab00000, 0x00000000ebe80000, 0x0000000100000000)
  eden space 7168K, 0% used [0x00000000eab00000,0x00000000eab00000,0x00000000eb200000)
  from space 4096K, 88% used [0x00000000eba80000,0x00000000ebe0dff8,0x00000000ebe80000)
  to   space 3072K, 0% used [0x00000000eb200000,0x00000000eb200000,0x00000000eb500000)
 ParOldGen       total 260608K, used 5700K [0x00000000c0000000, 0x00000000cfe80000, 0x00000000eab00000)
  object space 260608K, 2% used [0x00000000c0000000,0x00000000c05913c0,0x00000000cfe80000)
 Metaspace       used 5538K, capacity 6768K, committed 7040K, reserved 1056768K
  class space    used 573K, capacity 616K, committed 640K, reserved 1048576K
}
Event: 3.638 GC heap before
{Heap before GC invocations=11 (full 0):
 PSYoungGen      total 11264K, used 10807K [0x00000000eab00000, 0x00000000ebe80000, 0x0000000100000000)
  eden space 7168K, 100% used [0x00000000eab00000,0x00000000eb200000,0x00000000eb200000)
  from space 4096K, 88% used [0x00000000eba80000,0x00000000ebe0dff8,0x00000000ebe80000)
  to   space 3072K, 0% used [0x00000000eb200000,0x00000000eb200000,0x00000000eb500000)
 ParOldGen       total 260608K, used 5700K [0x00000000c0000000, 0x00000000cfe80000, 0x00000000eab00000)
  object space 260608K, 2% used [0x00000000c0000000,0x00000000c05913c0,0x00000000cfe80000)
 Metaspace       used 6330K, capacity 7224K, committed 7424K, reserved 1056768K
  class space    used 651K, capacity 688K, committed 768K, reserved 1048576K
Event: 3.650 GC heap after
Heap after GC invocations=11 (full 0):
 PSYoungGen      total 10240K, used 2391K [0x00000000eab00000, 0x00000000ebf80000, 0x0000000100000000)
  eden space 7168K, 0% used [0x00000000eab00000,0x00000000eab00000,0x00000000eb200000)
  from space 3072K, 77% used [0x00000000eb200000,0x00000000eb455ed8,0x00000000eb500000)
  to   space 4608K, 0% used [0x00000000ebb00000,0x00000000ebb00000,0x00000000ebf80000)
 ParOldGen       total 260608K, used 8609K [0x00000000c0000000, 0x00000000cfe80000, 0x00000000eab00000)
  object space 260608K, 3% used [0x00000000c0000000,0x00000000c0868780,0x00000000cfe80000)
 Metaspace       used 6330K, capacity 7224K, committed 7424K, reserved 1056768K
  class space    used 651K, capacity 688K, committed 768K, reserved 1048576K
}
Event: 4.095 GC heap before
{Heap before GC invocations=12 (full 0):
 PSYoungGen      total 10240K, used 9559K [0x00000000eab00000, 0x00000000ebf80000, 0x0000000100000000)
  eden space 7168K, 100% used [0x00000000eab00000,0x00000000eb200000,0x00000000eb200000)
  from space 3072K, 77% used [0x00000000eb200000,0x00000000eb455ed8,0x00000000eb500000)
  to   space 4608K, 0% used [0x00000000ebb00000,0x00000000ebb00000,0x00000000ebf80000)
 ParOldGen       total 260608K, used 8609K [0x00000000c0000000, 0x00000000cfe80000, 0x00000000eab00000)
  object space 260608K, 3% used [0x00000000c0000000,0x00000000c0868780,0x00000000cfe80000)
 Metaspace       used 6906K, capacity 7608K, committed 7680K, reserved 1056768K
  class space    used 721K, capacity 752K, committed 768K, reserved 1048576K
Event: 4.104 GC heap after
Heap after GC invocations=12 (full 0):
 PSYoungGen      total 15360K, used 1582K [0x00000000eab00000, 0x00000000ebe80000, 0x0000000100000000)
  eden space 11776K, 0% used [0x00000000eab00000,0x00000000eab00000,0x00000000eb680000)
  from space 3584K, 44% used [0x00000000ebb00000,0x00000000ebc8b818,0x00000000ebe80000)
  to   space 4096K, 0% used [0x00000000eb680000,0x00000000eb680000,0x00000000eba80000)
 ParOldGen       total 260608K, used 10349K [0x00000000c0000000, 0x00000000cfe80000, 0x00000000eab00000)
  object space 260608K, 3% used [0x00000000c0000000,0x00000000c0a1b440,0x00000000cfe80000)
 Metaspace       used 6906K, capacity 7608K, committed 7680K, reserved 1056768K
  class space    used 721K, capacity 752K, committed 768K, reserved 1048576K
}
Event: 4.312 GC heap before
{Heap before GC invocations=13 (full 0):
 PSYoungGen      total 15360K, used 13358K [0x00000000eab00000, 0x00000000ebe80000, 0x0000000100000000)
  eden space 11776K, 100% used [0x00000000eab00000,0x00000000eb680000,0x00000000eb680000)
  from space 3584K, 44% used [0x00000000ebb00000,0x00000000ebc8b818,0x00000000ebe80000)
  to   space 4096K, 0% used [0x00000000eb680000,0x00000000eb680000,0x00000000eba80000)
 ParOldGen       total 260608K, used 10349K [0x00000000c0000000, 0x00000000cfe80000, 0x00000000eab00000)
  object space 260608K, 3% used [0x00000000c0000000,0x00000000c0a1b440,0x00000000cfe80000)
 Metaspace       used 6950K, capacity 7608K, committed 7680K, reserved 1056768K
  class space    used 722K, capacity 752K, committed 768K, reserved 1048576K
Event: 4.314 GC heap after
Heap after GC invocations=13 (full 0):
 PSYoungGen      total 15872K, used 748K [0x00000000eab00000, 0x00000000ebe80000, 0x0000000100000000)
  eden space 11776K, 0% used [0x00000000eab00000,0x00000000eab00000,0x00000000eb680000)
  from space 4096K, 18% used [0x00000000eb680000,0x00000000eb73b1e0,0x00000000eba80000)
  to   space 3584K, 0% used [0x00000000ebb00000,0x00000000ebb00000,0x00000000ebe80000)
 ParOldGen       total 260608K, used 10677K [0x00000000c0000000, 0x00000000cfe80000, 0x00000000eab00000)
  object space 260608K, 4% used [0x00000000c0000000,0x00000000c0a6d458,0x00000000cfe80000)
 Metaspace       used 6950K, capacity 7608K, committed 7680K, reserved 1056768K
  class space    used 722K, capacity 752K, committed 768K, reserved 1048576K
}
Event: 4.472 GC heap before
{Heap before GC invocations=14 (full 0):
 PSYoungGen      total 15872K, used 12524K [0x00000000eab00000, 0x00000000ebe80000, 0x0000000100000000)
  eden space 11776K, 100% used [0x00000000eab00000,0x00000000eb680000,0x00000000eb680000)
  from space 4096K, 18% used [0x00000000eb680000,0x00000000eb73b1e0,0x00000000eba80000)
  to   space 3584K, 0% used [0x00000000ebb00000,0x00000000ebb00000,0x00000000ebe80000)
 ParOldGen       total 260608K, used 10677K [0x00000000c0000000, 0x00000000cfe80000, 0x00000000eab00000)
  object space 260608K, 4% used [0x00000000c0000000,0x00000000c0a6d458,0x00000000cfe80000)
 Metaspace       used 6963K, capacity 7608K, committed 7680K, reserved 1056768K
  class space    used 722K, capacity 752K, committed 768K, reserved 1048576K
Event: 4.474 GC heap after
Heap after GC invocations=14 (full 0):
 PSYoungGen      total 15360K, used 2176K [0x00000000eab00000, 0x00000000ebe80000, 0x0000000100000000)
  eden space 11776K, 0% used [0x00000000eab00000,0x00000000eab00000,0x00000000eb680000)
  from space 3584K, 60% used [0x00000000ebb00000,0x00000000ebd20190,0x00000000ebe80000)
  to   space 4096K, 0% used [0x00000000eb680000,0x00000000eb680000,0x00000000eba80000)
 ParOldGen       total 260608K, used 10693K [0x00000000c0000000, 0x00000000cfe80000, 0x00000000eab00000)
  object space 260608K, 4% used [0x00000000c0000000,0x00000000c0a71458,0x00000000cfe80000)
 Metaspace       used 6963K, capacity 7608K, committed 7680K, reserved 1056768K
  class space    used 722K, capacity 752K, committed 768K, reserved 1048576K
}

Deoptimization events (10 events):
Event: 3.559 Thread 0x0000000001f6e800 Uncommon trap: reason=class_check action=maybe_recompile pc=0x000000000287e0f0 method=com.android.dex.Leb128.writeUnsignedLeb128(Lcom/android/dex/util/ByteOutput;I)V @ 40
Event: 3.559 Thread 0x0000000001f6e800 Uncommon trap: reason=class_check action=maybe_recompile pc=0x000000000287e0f0 method=com.android.dex.Leb128.writeUnsignedLeb128(Lcom/android/dex/util/ByteOutput;I)V @ 40
Event: 3.560 Thread 0x0000000001f6e800 Uncommon trap: reason=class_check action=maybe_recompile pc=0x000000000287e0f0 method=com.android.dex.Leb128.writeUnsignedLeb128(Lcom/android/dex/util/ByteOutput;I)V @ 40
Event: 3.560 Thread 0x0000000001f6e800 Uncommon trap: reason=class_check action=maybe_recompile pc=0x000000000287e0f0 method=com.android.dex.Leb128.writeUnsignedLeb128(Lcom/android/dex/util/ByteOutput;I)V @ 40
Event: 3.715 Thread 0x0000000001f6e800 Uncommon trap: reason=unreached action=reinterpret pc=0x00000000028c3218 method=java.util.HashMap.putVal(ILjava/lang/Object;Ljava/lang/Object;ZZ)Ljava/lang/Object; @ 109
Event: 3.760 Thread 0x0000000001f6e800 Uncommon trap: reason=predicate action=maybe_recompile pc=0x00000000028eefdc method=com.android.dex.Leb128.writeUnsignedLeb128(Lcom/android/dex/util/ByteOutput;I)V @ 9
Event: 3.761 Thread 0x0000000001f6e800 Uncommon trap: reason=unreached action=reinterpret pc=0x000000000281479c method=java.util.HashMap.getNode(ILjava/lang/Object;)Ljava/util/HashMap$Node; @ 84
Event: 3.842 Thread 0x0000000001f6e800 Uncommon trap: reason=unreached action=reinterpret pc=0x00000000028ca038 method=java.util.HashMap.getNode(ILjava/lang/Object;)Ljava/util/HashMap$Node; @ 84
Event: 3.941 Thread 0x0000000001f6e800 Uncommon trap: reason=predicate action=maybe_recompile pc=0x000000000294f44c method=com.android.dex.Leb128.readUnsignedLeb128(Lcom/android/dex/util/ByteInput;)I @ 41
Event: 3.948 Thread 0x0000000001f6e800 Uncommon trap: reason=unloaded action=reinterpret pc=0x000000000293c980 method=com.android.dx.merge.IndexMap$EncodedValueTransformer.transform(Lcom/android/dex/EncodedValueReader;)V @ 232

Internal exceptions (10 events):
Event: 3.828 Thread 0x0000000001f6e800 Exception <a 'java/security/PrivilegedActionException'> (0x00000000eac83e98) thrown at [D:\re\workspace\8-2-build-windows-amd64-cygwin\jdk8\2238\hotspot\src\share\vm\prims\jvm.cpp, line 1248]
Event: 3.828 Thread 0x0000000001f6e800 Exception <a 'java/security/PrivilegedActionException'> (0x00000000eac871f0) thrown at [D:\re\workspace\8-2-build-windows-amd64-cygwin\jdk8\2238\hotspot\src\share\vm\prims\jvm.cpp, line 1248]
Event: 3.829 Thread 0x0000000001f6e800 Exception <a 'java/security/PrivilegedActionException'> (0x00000000eac8a550) thrown at [D:\re\workspace\8-2-build-windows-amd64-cygwin\jdk8\2238\hotspot\src\share\vm\prims\jvm.cpp, line 1248]
Event: 3.832 Thread 0x0000000001f6e800 Exception <a 'java/security/PrivilegedActionException'> (0x00000000eac8e530) thrown at [D:\re\workspace\8-2-build-windows-amd64-cygwin\jdk8\2238\hotspot\src\share\vm\prims\jvm.cpp, line 1248]
Event: 3.833 Thread 0x0000000001f6e800 Exception <a 'java/security/PrivilegedActionException'> (0x00000000eac91680) thrown at [D:\re\workspace\8-2-build-windows-amd64-cygwin\jdk8\2238\hotspot\src\share\vm\prims\jvm.cpp, line 1248]
Event: 3.834 Thread 0x0000000001f6e800 Exception <a 'java/security/PrivilegedActionException'> (0x00000000eac94978) thrown at [D:\re\workspace\8-2-build-windows-amd64-cygwin\jdk8\2238\hotspot\src\share\vm\prims\jvm.cpp, line 1248]
Event: 3.835 Thread 0x0000000001f6e800 Exception <a 'java/security/PrivilegedActionException'> (0x00000000eac980b8) thrown at [D:\re\workspace\8-2-build-windows-amd64-cygwin\jdk8\2238\hotspot\src\share\vm\prims\jvm.cpp, line 1248]
Event: 3.840 Thread 0x0000000001f6e800 Exception <a 'java/security/PrivilegedActionException'> (0x00000000eac9f588) thrown at [D:\re\workspace\8-2-build-windows-amd64-cygwin\jdk8\2238\hotspot\src\share\vm\prims\jvm.cpp, line 1248]
Event: 3.841 Thread 0x0000000001f6e800 Exception <a 'java/security/PrivilegedActionException'> (0x00000000eaca1a30) thrown at [D:\re\workspace\8-2-build-windows-amd64-cygwin\jdk8\2238\hotspot\src\share\vm\prims\jvm.cpp, line 1248]
Event: 4.381 Thread 0x0000000001f6e800 Exception <a 'java/security/PrivilegedActionException'> (0x00000000eb0a7730) thrown at [D:\re\workspace\8-2-build-windows-amd64-cygwin\jdk8\2238\hotspot\src\share\vm\prims\jvm.cpp, line 1248]

Events (10 events):
Event: 4.345 Thread 0x0000000001f6e800 DEOPT PACKING pc=0x000000000297be30 sp=0x000000000225f090
Event: 4.345 Thread 0x0000000001f6e800 DEOPT UNPACKING pc=0x00000000023a7604 sp=0x000000000225edb0 mode 0
Event: 4.348 Thread 0x0000000001f6e800 DEOPT PACKING pc=0x00000000029c847b sp=0x000000000225f230
Event: 4.348 Thread 0x0000000001f6e800 DEOPT UNPACKING pc=0x00000000023a7604 sp=0x000000000225efa8 mode 0
Event: 4.381 loading class com/android/dex/Dex$1
Event: 4.381 loading class com/android/dex/Dex$1 done
Event: 4.424 Thread 0x0000000001f6e800 DEOPT PACKING pc=0x0000000002a10599 sp=0x000000000225f320
Event: 4.429 Thread 0x0000000001f6e800 DEOPT UNPACKING pc=0x00000000023a7604 sp=0x000000000225f0a0 mode 0
Event: 4.472 Executing VM operation: ParallelGCFailedAllocation
Event: 4.474 Executing VM operation: ParallelGCFailedAllocation done


Dynamic libraries:
0x00007ff723d20000 - 0x00007ff723d54000 	C:\Program Files\Java\jdk1.8.0\bin\java.exe
0x00007ffca2ac0000 - 0x00007ffca2c81000 	C:\WINDOWS\SYSTEM32\ntdll.dll
0x00007ffca0a90000 - 0x00007ffca0b3d000 	C:\WINDOWS\system32\KERNEL32.DLL
0x00007ffc9ffb0000 - 0x00007ffca018d000 	C:\WINDOWS\system32\KERNELBASE.dll
0x00007ffca0d20000 - 0x00007ffca0dc6000 	C:\WINDOWS\system32\ADVAPI32.dll
0x00007ffca0660000 - 0x00007ffca06fd000 	C:\WINDOWS\system32\msvcrt.dll
0x00007ffca2a60000 - 0x00007ffca2abb000 	C:\WINDOWS\system32\sechost.dll
0x00007ffca0510000 - 0x00007ffca0636000 	C:\WINDOWS\system32\RPCRT4.dll
0x00007ffca28b0000 - 0x00007ffca29fe000 	C:\WINDOWS\system32\USER32.dll
0x00007ffca2540000 - 0x00007ffca26c6000 	C:\WINDOWS\system32\GDI32.dll
0x00007ffc9b6e0000 - 0x00007ffc9b954000 	C:\WINDOWS\WinSxS\amd64_microsoft.windows.common-controls_6595b64144ccf1df_6.0.10240.16384_none_f41f7b285750ef43\COMCTL32.dll
0x00007ffca0a40000 - 0x00007ffca0a76000 	C:\WINDOWS\system32\IMM32.DLL
0x00007ffca26d0000 - 0x00007ffca282c000 	C:\WINDOWS\system32\MSCTF.dll
0x000000005d3c0000 - 0x000000005d492000 	C:\Program Files\Java\jdk1.8.0\jre\bin\msvcr100.dll
0x000000005b570000 - 0x000000005bd9a000 	C:\Program Files\Java\jdk1.8.0\jre\bin\server\jvm.dll
0x00007ffca2830000 - 0x00007ffca2838000 	C:\WINDOWS\system32\PSAPI.DLL
0x00007ffc93b90000 - 0x00007ffc93b99000 	C:\WINDOWS\SYSTEM32\WSOCK32.dll
0x00007ffc9d330000 - 0x00007ffc9d353000 	C:\WINDOWS\SYSTEM32\WINMM.dll
0x00007ffca0bf0000 - 0x00007ffca0c59000 	C:\WINDOWS\system32\WS2_32.dll
0x0000000001f70000 - 0x0000000001f9c000 	C:\WINDOWS\SYSTEM32\WINMMBASE.dll
0x00007ffca2300000 - 0x00007ffca2308000 	C:\WINDOWS\system32\NSI.dll
0x00007ffc9f640000 - 0x00007ffc9f684000 	C:\WINDOWS\system32\cfgmgr32.dll
0x00007ffc9f130000 - 0x00007ffc9f157000 	C:\WINDOWS\SYSTEM32\DEVOBJ.dll
0x000000005d360000 - 0x000000005d36f000 	C:\Program Files\Java\jdk1.8.0\jre\bin\verify.dll
0x000000005d330000 - 0x000000005d358000 	C:\Program Files\Java\jdk1.8.0\jre\bin\java.dll
0x000000005cfd0000 - 0x000000005cfe6000 	C:\Program Files\Java\jdk1.8.0\jre\bin\zip.dll
0x00007ffca0dd0000 - 0x00007ffca22f2000 	C:\WINDOWS\system32\SHELL32.dll
0x00007ffc9f980000 - 0x00007ffc9ffa8000 	C:\WINDOWS\system32\windows.storage.dll
0x00007ffca07c0000 - 0x00007ffca0a3c000 	C:\WINDOWS\system32\combase.dll
0x00007ffca2a00000 - 0x00007ffca2a51000 	C:\WINDOWS\system32\shlwapi.dll
0x00007ffc9f580000 - 0x00007ffc9f58f000 	C:\WINDOWS\system32\kernel.appcore.dll
0x00007ffc9f8c0000 - 0x00007ffc9f973000 	C:\WINDOWS\system32\shcore.dll
0x00007ffc9f530000 - 0x00007ffc9f57a000 	C:\WINDOWS\system32\powrprof.dll
0x00007ffc9f510000 - 0x00007ffc9f523000 	C:\WINDOWS\system32\profapi.dll
0x00007ffc90510000 - 0x00007ffc9069a000 	C:\WINDOWS\SYSTEM32\dbghelp.dll

VM Arguments:
jvm_args: -Xmx1024M -Dfile.encoding=windows-1252 -Duser.country=US -Duser.language=en -Duser.variant 
java_command: com.android.dx.command.Main --dex --num-threads=4 --output C:\Users\Tonye Brown\AndroidStudioProjects\WhoOwesMeV2\app\build\intermediates\dex\debug C:\Users\Tonye Brown\AndroidStudioProjects\WhoOwesMeV2\app\build\intermediates\classes\debug C:\Users\Tonye Brown\AndroidStudioProjects\WhoOwesMeV2\app\build\intermediates\pre-dexed\debug\support-annotations-23.1.1-dc0fbcdecd82301ec336d285e737c2dc0f206596.jar C:\Users\Tonye Brown\AndroidStudioProjects\WhoOwesMeV2\app\build\intermediates\pre-dexed\debug\classes-c098c28f8b6f69704e9f8322e58f0421a41c894f.jar C:\Users\Tonye Brown\AndroidStudioProjects\WhoOwesMeV2\app\build\intermediates\pre-dexed\debug\kenburnsview-1.0.6-800321a54a0a1aa2a4724d4b991745df5aababcb.jar C:\Users\Tonye Brown\AndroidStudioProjects\WhoOwesMeV2\app\build\intermediates\pre-dexed\debug\classes-1d99dc068b35cacb9d1ad67cde267f6345a8749d.jar C:\Users\Tonye Brown\AndroidStudioProjects\WhoOwesMeV2\app\build\intermediates\pre-dexed\debug\classes-4c3f5e24fcd83267e345f78fd03698b711d5833b.jar C:\Users\Tonye Brown\AndroidStudioProjects\WhoOwesMeV2\app\build\intermediates\pre-dexed\debug\classes-769fea38811394b34a83daab1aa74bee8ea17a0c.jar C:\Users\Tonye Brown\AndroidStudioProjects\WhoOwesMeV2\app\build\intermediates\pre-dexed\debug\butterknife-6.1.0-39edc391f5a0ce74329dc777f0c362242941a524.jar C:\Users\Tonye Brown\AndroidStudioProjects\WhoOwesMeV2\app\build\intermediates\pre-dexed\debug\classes-a8c636ea8ed1ba6daecffb52299fde859a9af716.jar C:\Users\Tonye Brown\AndroidStudioProjects\WhoOwesMeV2\app\build\intermediates\pre-dexed\debug\library-2.4.0-01debe6e620766ce7549202c39513c664ce6f0bc.jar C:\Users\Tonye Brown\AndroidStudioProjects\WhoOwesMeV2\app\build\intermediates\pre-dexed\debug\classes-6ad7b60fc6ce1115eeedd5d7d57bb55091ee221a.jar C:\Users\Tonye Brown\AndroidStudioProjects\WhoOwesMeV2\app\build\intermediates\pre-dexed\debug\internal_impl-23.1.1-5df88cef0b59354352ac9df70cdd2768ab6e2288.jar C:\Users\Tonye Brown\AndroidStudioProjects\WhoOwesMeV2\a
java_class_path (initial): C:\Users\Tonye Brown\AppData\Local\Android\sdk\build-tools\23.0.1\lib\dx.jar
Launcher Type: SUN_STANDARD

Environment Variables:
PATH=C:\Program Files (x86)\EasyPHP-DevServer-14.1VC11\binaries\php\php_runningversion;C:\MinGW\bin;C:\MinGW\libexec\gcc\x86_64-pc-mingw32\4.8.2;C:\Program Files (x86)\Intel\iCLS Client\;C:\Program Files\Intel\iCLS Client\;C:\Program Files (x86)\NVIDIA Corporation\PhysX\Common;C:\WINDOWS\system32;C:\WINDOWS;C:\WINDOWS\System32\Wbem;C:\WINDOWS\System32\WindowsPowerShell\v1.0\;C:\Program Files (x86)\Windows Live\Shared;C:\Program Files (x86)\Intel\OpenCL SDK\3.0\bin\x86;C:\Program Files (x86)\Intel\OpenCL SDK\3.0\bin\x64;C:\Program Files\Intel\Intel(R) Management Engine Components\DAL;C:\Program Files\Intel\Intel(R) Management Engine Components\IPT;C:\Program Files (x86)\Intel\Intel(R) Management Engine Components\DAL;C:\Program Files (x86)\Intel\Intel(R) Management Engine Components\IPT;C:\Program Files\Microsoft SQL Server\110\Tools\Binn\;C:\Program Files\Microsoft\Web Platform Installer\;C:\Program Files (x86)\Microsoft ASP.NET\ASP.NET Web Pages\v1.0\;C:\Program Files\nodejs\;C:\Program Files (x86)\QuickTime\QTSystem\;C:\Program Files\Intel\WiFi\bin\;C:\Program Files\Common Files\Intel\WirelessCommon\;C:\Program Files\Intel\WiFi\bin\;C:\Program Files\Common Files\Intel\WirelessCommon\;C:\Users\Tonye Brown\AppData\Roaming\npm
USERNAME=Tonye Brown
OS=Windows_NT
PROCESSOR_IDENTIFIER=Intel64 Family 6 Model 58 Stepping 9, GenuineIntel



---------------  S Y S T E M  ---------------

OS: Windows 8.1 , 64 bit Build 9600 

CPU:total 4 (2 cores per cpu, 2 threads per core) family 6 model 58 stepping 9, cmov, cx8, fxsr, mmx, sse, sse2, sse3, ssse3, sse4.1, sse4.2, popcnt, avx, aes, clmul, erms, ht, tsc, tscinvbit

Memory: 4k page, physical 16663832k(4227116k free), swap 19664148k(5236k free)

vm_info: Java HotSpot(TM) 64-Bit Server VM (25.0-b70) for windows-amd64 JRE (1.8.0-b132), built on Mar  4 2014 03:46:18 by "java_re" with MS VC++ 10.0 (VS2010)

time: Sun Nov 29 18:40:49 2015
elapsed time: 4 seconds

